13:11:45.783[main] INFO  testCases.TC_001_AccountRegistrationTest - ***  Starting TC_001_AccountRegistrationTest ***
13:11:46.559[main] INFO  testCases.TC_001_AccountRegistrationTest - Clicked on My account link
13:11:47.337[main] INFO  testCases.TC_001_AccountRegistrationTest - Clicked on register link
13:11:47.342[main] INFO  testCases.TC_001_AccountRegistrationTest - Providing customer data
13:11:48.953[main] ERROR testCases.TC_001_AccountRegistrationTest - test failed
13:14:00.918[main] DEBUG testCases.TC_001_AccountRegistrationTest - Application logs.....
13:14:00.927[main] INFO  testCases.TC_001_AccountRegistrationTest - ***  Starting TC_001_AccountRegistrationTest ***
13:14:01.94[main] INFO  testCases.TC_001_AccountRegistrationTest - Clicked on My account link
13:14:01.899[main] INFO  testCases.TC_001_AccountRegistrationTest - Clicked on register link
13:14:01.902[main] INFO  testCases.TC_001_AccountRegistrationTest - Providing customer data
13:14:03.518[main] ERROR testCases.TC_001_AccountRegistrationTest - test failed
13:27:37.310[main] DEBUG testCases.TC_001_AccountRegistrationTest - Application logs.....
13:27:37.316[main] INFO  testCases.TC_001_AccountRegistrationTest - ***  Starting TC_001_AccountRegistrationTest ***
13:27:37.460[main] INFO  testCases.TC_001_AccountRegistrationTest - Clicked on My account link
13:27:38.34[main] INFO  testCases.TC_001_AccountRegistrationTest - Clicked on register link
13:27:38.37[main] INFO  testCases.TC_001_AccountRegistrationTest - Providing customer data
13:27:39.634[main] ERROR testCases.TC_001_AccountRegistrationTest - test failed
13:28:36.925[main] DEBUG testCases.TC_001_AccountRegistrationTest - Application logs.....
13:28:36.931[main] INFO  testCases.TC_001_AccountRegistrationTest - ***  Starting TC_001_AccountRegistrationTest ***
13:28:37.105[main] INFO  testCases.TC_001_AccountRegistrationTest - Clicked on My account link
13:28:37.856[main] INFO  testCases.TC_001_AccountRegistrationTest - Clicked on register link
13:28:37.859[main] INFO  testCases.TC_001_AccountRegistrationTest - Providing customer data
13:28:39.552[main] ERROR testCases.TC_001_AccountRegistrationTest - test failed
13:28:53.643[main] DEBUG testCases.TC_001_AccountRegistrationTest - Application logs.....
13:28:53.652[main] INFO  testCases.TC_001_AccountRegistrationTest - ***  Starting TC_001_AccountRegistrationTest ***
13:28:53.868[main] INFO  testCases.TC_001_AccountRegistrationTest - Clicked on My account link
13:28:54.396[main] INFO  testCases.TC_001_AccountRegistrationTest - Clicked on register link
13:28:54.400[main] INFO  testCases.TC_001_AccountRegistrationTest - Providing customer data
13:28:56.73[main] ERROR testCases.TC_001_AccountRegistrationTest - test failed
13:34:45.648[main] DEBUG testCases.TC_001_AccountRegistrationTest - Application logs.....
13:34:45.658[main] INFO  testCases.TC_001_AccountRegistrationTest - ***  Starting TC_001_AccountRegistrationTest ***
13:34:45.842[main] INFO  testCases.TC_001_AccountRegistrationTest - Clicked on My account link
13:34:46.802[main] INFO  testCases.TC_001_AccountRegistrationTest - Clicked on register link
13:34:46.806[main] INFO  testCases.TC_001_AccountRegistrationTest - Providing customer data
13:34:48.396[main] ERROR testCases.TC_001_AccountRegistrationTest - test failed
13:52:41.907[main] DEBUG testCases.TC_001_AccountRegistrationTest - Application logs.....
13:52:41.912[main] INFO  testCases.TC_001_AccountRegistrationTest - ***  Starting TC_001_AccountRegistrationTest ***
13:52:42.116[main] INFO  testCases.TC_001_AccountRegistrationTest - Clicked on My account link
13:52:42.912[main] INFO  testCases.TC_001_AccountRegistrationTest - Clicked on register link
13:52:42.916[main] INFO  testCases.TC_001_AccountRegistrationTest - Providing customer data
13:52:44.501[main] ERROR testCases.TC_001_AccountRegistrationTest - test failed
14:11:49.279[TestNG-tests-1] DEBUG testCases.TC_001_AccountRegistrationTest - Application logs.....
14:11:49.290[TestNG-tests-1] INFO  testCases.TC_001_AccountRegistrationTest - ***  Starting TC_001_AccountRegistrationTest ***
14:11:49.462[TestNG-tests-1] INFO  testCases.TC_001_AccountRegistrationTest - Clicked on My account link
14:11:50.63[TestNG-tests-1] INFO  testCases.TC_001_AccountRegistrationTest - Clicked on register link
14:11:50.66[TestNG-tests-1] INFO  testCases.TC_001_AccountRegistrationTest - Providing customer data
14:11:51.530[TestNG-tests-2] DEBUG testCases.TC_001_AccountRegistrationTest - Application logs.....
14:11:51.530[TestNG-tests-2] INFO  testCases.TC_001_AccountRegistrationTest - ***  Starting TC_001_AccountRegistrationTest ***
14:11:51.645[TestNG-tests-1] ERROR testCases.TC_001_AccountRegistrationTest - test failed
14:11:51.650[TestNG-tests-2] INFO  testCases.TC_001_AccountRegistrationTest - Clicked on My account link
14:11:52.270[TestNG-tests-2] INFO  testCases.TC_001_AccountRegistrationTest - Clicked on register link
14:11:52.272[TestNG-tests-2] INFO  testCases.TC_001_AccountRegistrationTest - Providing customer data
14:11:53.901[TestNG-tests-2] ERROR testCases.TC_001_AccountRegistrationTest - test failed
16:08:52.258[main] DEBUG testCases.TC_001_AccountRegistrationTest - Application logs.....
16:08:52.262[main] INFO  testCases.TC_001_AccountRegistrationTest - ***  Starting TC_001_AccountRegistrationTest ***
16:08:52.421[main] INFO  testCases.TC_001_AccountRegistrationTest - Clicked on My account link
16:08:52.937[main] INFO  testCases.TC_001_AccountRegistrationTest - Clicked on register link
16:08:52.939[main] INFO  testCases.TC_001_AccountRegistrationTest - Providing customer data
16:08:54.659[main] ERROR testCases.TC_001_AccountRegistrationTest - test failed
17:32:32.944[main] DEBUG testCases.TC_001_AccountRegistrationTest - Application logs.....
17:32:32.948[main] INFO  testCases.TC_001_AccountRegistrationTest - ***  Starting TC_001_AccountRegistrationTest ***
17:32:33.360[main] INFO  testCases.TC_001_AccountRegistrationTest - Clicked on My account link
17:32:34.174[main] INFO  testCases.TC_001_AccountRegistrationTest - Clicked on register link
17:32:34.177[main] INFO  testCases.TC_001_AccountRegistrationTest - Providing customer data
17:32:35.754[main] ERROR testCases.TC_001_AccountRegistrationTest - test failed
17:33:58.209[main] DEBUG testCases.TC_001_AccountRegistrationTest - Application logs.....
17:33:58.212[main] INFO  testCases.TC_001_AccountRegistrationTest - ***  Starting TC_001_AccountRegistrationTest ***
17:33:58.328[main] INFO  testCases.TC_001_AccountRegistrationTest - Clicked on My account link
17:33:58.860[main] INFO  testCases.TC_001_AccountRegistrationTest - Clicked on register link
17:33:58.865[main] INFO  testCases.TC_001_AccountRegistrationTest - Providing customer data
17:34:00.415[main] ERROR testCases.TC_001_AccountRegistrationTest - test failed
19:37:09.894[main] DEBUG testCases.TC_001_AccountRegistrationTest - Application logs.....
19:37:09.898[main] INFO  testCases.TC_001_AccountRegistrationTest - ***  Starting TC_001_AccountRegistrationTest ***
19:37:10.81[main] INFO  testCases.TC_001_AccountRegistrationTest - Clicked on My account link
19:37:11.725[main] INFO  testCases.TC_001_AccountRegistrationTest - Clicked on register link
19:37:11.729[main] INFO  testCases.TC_001_AccountRegistrationTest - Providing customer data
19:37:13.495[main] ERROR testCases.TC_001_AccountRegistrationTest - test failed
19:37:17.409[main] INFO  testCases.TC_002_LoginTest - *** Starting TC_002_LoginTest ***
19:37:17.540[main] INFO  testCases.TC_002_LoginTest - Clicked on My Account
19:37:18.183[main] INFO  testCases.TC_002_LoginTest - Clicked on Login link
19:37:18.186[main] INFO  testCases.TC_002_LoginTest - Providing login details
19:37:18.530[main] INFO  testCases.TC_002_LoginTest - Clicked on Login button
22:38:23.617[main] DEBUG org.apache.poi.openxml4j.opc.PackageRelationshipCollection - Parsing relationship: /xl/_rels/workbook.xml.rels
22:38:23.635[main] DEBUG org.apache.poi.openxml4j.opc.PackageRelationshipCollection - Parsing relationship: /xl/worksheets/_rels/sheet1.xml.rels
22:38:23.638[main] DEBUG org.apache.poi.openxml4j.opc.PackageRelationshipCollection - Parsing relationship: /_rels/.rels
22:38:24.473[main] DEBUG org.apache.poi.openxml4j.opc.PackageRelationshipCollection - Parsing relationship: /xl/_rels/workbook.xml.rels
22:38:24.474[main] DEBUG org.apache.poi.openxml4j.opc.PackageRelationshipCollection - Parsing relationship: /xl/worksheets/_rels/sheet1.xml.rels
22:38:24.475[main] DEBUG org.apache.poi.openxml4j.opc.PackageRelationshipCollection - Parsing relationship: /_rels/.rels
22:38:24.504[main] DEBUG org.apache.poi.openxml4j.opc.PackageRelationshipCollection - Parsing relationship: /xl/_rels/workbook.xml.rels
22:38:24.505[main] DEBUG org.apache.poi.openxml4j.opc.PackageRelationshipCollection - Parsing relationship: /xl/worksheets/_rels/sheet1.xml.rels
22:38:24.507[main] DEBUG org.apache.poi.openxml4j.opc.PackageRelationshipCollection - Parsing relationship: /_rels/.rels
22:38:24.537[main] DEBUG org.apache.poi.openxml4j.opc.PackageRelationshipCollection - Parsing relationship: /xl/_rels/workbook.xml.rels
22:38:24.539[main] DEBUG org.apache.poi.openxml4j.opc.PackageRelationshipCollection - Parsing relationship: /xl/worksheets/_rels/sheet1.xml.rels
22:38:24.540[main] DEBUG org.apache.poi.openxml4j.opc.PackageRelationshipCollection - Parsing relationship: /_rels/.rels
22:38:24.564[main] DEBUG org.apache.poi.openxml4j.opc.PackageRelationshipCollection - Parsing relationship: /xl/_rels/workbook.xml.rels
22:38:24.565[main] DEBUG org.apache.poi.openxml4j.opc.PackageRelationshipCollection - Parsing relationship: /xl/worksheets/_rels/sheet1.xml.rels
22:38:24.566[main] DEBUG org.apache.poi.openxml4j.opc.PackageRelationshipCollection - Parsing relationship: /_rels/.rels
22:38:24.590[main] DEBUG org.apache.poi.openxml4j.opc.PackageRelationshipCollection - Parsing relationship: /xl/_rels/workbook.xml.rels
22:38:24.591[main] DEBUG org.apache.poi.openxml4j.opc.PackageRelationshipCollection - Parsing relationship: /xl/worksheets/_rels/sheet1.xml.rels
22:38:24.593[main] DEBUG org.apache.poi.openxml4j.opc.PackageRelationshipCollection - Parsing relationship: /_rels/.rels
22:59:51.295[main] DEBUG testCases.TC_001_AccountRegistrationTest - Application logs.....
22:59:51.309[main] INFO  testCases.TC_001_AccountRegistrationTest - ***  Starting TC_001_AccountRegistrationTest ***
22:59:51.507[main] INFO  testCases.TC_001_AccountRegistrationTest - Clicked on My account link
22:59:52.14[main] INFO  testCases.TC_001_AccountRegistrationTest - Clicked on register link
22:59:52.20[main] INFO  testCases.TC_001_AccountRegistrationTest - Providing customer data
22:59:53.727[main] ERROR testCases.TC_001_AccountRegistrationTest - test failed
22:59:57.427[main] INFO  testCases.TC_002_LoginTest - *** Starting TC_002_LoginTest ***
22:59:57.884[main] INFO  testCases.TC_002_LoginTest - Clicked on My Account
22:59:58.407[main] INFO  testCases.TC_002_LoginTest - Clicked on Login link
22:59:58.411[main] INFO  testCases.TC_002_LoginTest - Providing login details
22:59:58.885[main] INFO  testCases.TC_002_LoginTest - Clicked on Login button
23:09:54.754[main] INFO  testCases.TC_002_LoginTest - *** Starting TC_002_LoginTest ***
23:09:54.969[main] INFO  testCases.TC_002_LoginTest - Clicked on My Account
23:09:55.412[main] INFO  testCases.TC_002_LoginTest - Clicked on Login link
23:09:55.415[main] INFO  testCases.TC_002_LoginTest - Providing login details
23:09:55.822[main] INFO  testCases.TC_002_LoginTest - Clicked on Login button
23:10:09.484[main] DEBUG testCases.TC_001_AccountRegistrationTest - Application logs.....
23:10:09.484[main] INFO  testCases.TC_001_AccountRegistrationTest - ***  Starting TC_001_AccountRegistrationTest ***
23:10:09.603[main] INFO  testCases.TC_001_AccountRegistrationTest - Clicked on My account link
23:10:10.88[main] INFO  testCases.TC_001_AccountRegistrationTest - Clicked on register link
23:10:10.93[main] INFO  testCases.TC_001_AccountRegistrationTest - Providing customer data
23:10:11.806[main] ERROR testCases.TC_001_AccountRegistrationTest - test failed
